<?xml version="1.0" encoding="UTF-8"?>
<!-- Generated by org.testng.reporters.JUnitXMLReporter -->
<testsuite hostname="Aozgur-Air.lan" ignored="7" name="second test" tests="4" failures="0" timestamp="22 Nov 2019 02:32:49 GMT" time="0.1" errors="0">
  <testcase name="addAddress" time="0.017" classname="Tests.seco"/>
  <testcase name="searchProduct" time="0.003" classname="Tests.seco"/>
  <testcase name="addProduct" time="0.004" classname="Tests.seco"/>
  <testcase name="payMoney" time="0.002" classname="Tests.seco"/>
  <testcase name="placeOrder" time="0.0" classname="Tests.seco">
    <ignored/>
  </testcase> <!-- placeOrder -->
  <testcase name="companyAndIndustry" time="0.0" classname="Tests.CompanyPageTest3">
    <ignored/>
  </testcase> <!-- companyAndIndustry -->
  <testcase name="clickLoginButton" time="0.0" classname="Tests.DesignMaticMainPage1Test">
    <ignored/>
  </testcase> <!-- clickLoginButton -->
  <testcase name="getTitle" time="0.0" classname="Tests.DesignMaticMainPage1Test">
    <ignored/>
  </testcase> <!-- getTitle -->
  <testcase name="selectedText" time="0.0" classname="Tests.CompanyPageTest3">
    <ignored/>
  </testcase> <!-- selectedText -->
  <testcase name="logoDesignTest" time="0.0" classname="Tests.DesignMaticLoginPage2Test">
    <ignored/>
  </testcase> <!-- logoDesignTest -->
  <testcase name="getLoginPageTitle" time="0.0" classname="Tests.DesignMaticLoginPage2Test">
    <ignored/>
  </testcase> <!-- getLoginPageTitle -->
</testsuite> <!-- second test -->
