<?xml version="1.0" encoding="UTF-8"?>
<!-- Generated by org.testng.reporters.JUnitXMLReporter -->
<testsuite hostname="Aozgur-Air.lan" ignored="1" name="Default test" tests="1" failures="0" timestamp="14 Dec 2019 08:39:26 GMT" time="8.802" errors="0">
  <testcase name="getTitle" time="0.046" classname="Tests.DesignMaticMainPage1Test"/>
  <testcase name="clickLoginButton" time="0.0" classname="Tests.DesignMaticMainPage1Test">
    <ignored/>
  </testcase> <!-- clickLoginButton -->
</testsuite> <!-- Default test -->
